INFO [05-03|02:04:42.026] Starting Geth on Ethereum mainnet...
INFO [05-03|02:04:42.027] Bumping default cache on mainnet         provided=1024 updated=4096
INFO [05-03|02:04:42.028] Maximum peer count                       ETH=50 total=50
INFO [05-03|02:04:42.029] Smartcard socket not found, disabling    err="stat /run/pcscd/pcscd.comm: no such file or directory"
INFO [05-03|02:04:42.034] Set global gas cap                       cap=50,000,000
INFO [05-03|02:04:42.034] Initializing the KZG library             backend=gokzg
INFO [05-03|02:04:42.071] Allocated trie memory caches             clean=614.00MiB dirty=1024.00MiB
INFO [05-03|02:04:42.071] Using pebble as the backing database
INFO [05-03|02:04:42.071] Allocated cache and file handles         database=/root/.ethereum/geth/chaindata cache=2.00GiB handles=524,288
INFO [05-03|02:04:42.088] Opened ancient database                  database=/root/.ethereum/geth/chaindata/ancient/chain readonly=false
INFO [05-03|02:04:42.089] State scheme set to already existing     scheme=hash
INFO [05-03|02:04:42.090] Initialising Ethereum protocol           network=1 dbversion=8
INFO [05-03|02:04:42.091] 
INFO [05-03|02:04:42.091] ---------------------------------------------------------------------------------------------------------------------------------------------------------
INFO [05-03|02:04:42.091] Chain ID:  1 (mainnet)
INFO [05-03|02:04:42.091] Consensus: Beacon (proof-of-stake), merged from Ethash (proof-of-work)
INFO [05-03|02:04:42.091] 
INFO [05-03|02:04:42.091] Pre-Merge hard forks (block based):
INFO [05-03|02:04:42.091]  - Homestead:                   #1150000  (https://github.com/ethereum/execution-specs/blob/master/network-upgrades/mainnet-upgrades/homestead.md)
INFO [05-03|02:04:42.091]  - DAO Fork:                    #1920000  (https://github.com/ethereum/execution-specs/blob/master/network-upgrades/mainnet-upgrades/dao-fork.md)
INFO [05-03|02:04:42.091]  - Tangerine Whistle (EIP 150): #2463000  (https://github.com/ethereum/execution-specs/blob/master/network-upgrades/mainnet-upgrades/tangerine-whistle.md)
INFO [05-03|02:04:42.091]  - Spurious Dragon/1 (EIP 155): #2675000  (https://github.com/ethereum/execution-specs/blob/master/network-upgrades/mainnet-upgrades/spurious-dragon.md)
INFO [05-03|02:04:42.091]  - Spurious Dragon/2 (EIP 158): #2675000  (https://github.com/ethereum/execution-specs/blob/master/network-upgrades/mainnet-upgrades/spurious-dragon.md)
INFO [05-03|02:04:42.091]  - Byzantium:                   #4370000  (https://github.com/ethereum/execution-specs/blob/master/network-upgrades/mainnet-upgrades/byzantium.md)
INFO [05-03|02:04:42.091]  - Constantinople:              #7280000  (https://github.com/ethereum/execution-specs/blob/master/network-upgrades/mainnet-upgrades/constantinople.md)
INFO [05-03|02:04:42.091]  - Petersburg:                  #7280000  (https://github.com/ethereum/execution-specs/blob/master/network-upgrades/mainnet-upgrades/petersburg.md)
INFO [05-03|02:04:42.091]  - Istanbul:                    #9069000  (https://github.com/ethereum/execution-specs/blob/master/network-upgrades/mainnet-upgrades/istanbul.md)
INFO [05-03|02:04:42.091]  - Muir Glacier:                #9200000  (https://github.com/ethereum/execution-specs/blob/master/network-upgrades/mainnet-upgrades/muir-glacier.md)
INFO [05-03|02:04:42.091]  - Berlin:                      #12244000 (https://github.com/ethereum/execution-specs/blob/master/network-upgrades/mainnet-upgrades/berlin.md)
INFO [05-03|02:04:42.091]  - London:                      #12965000 (https://github.com/ethereum/execution-specs/blob/master/network-upgrades/mainnet-upgrades/london.md)
INFO [05-03|02:04:42.091]  - Arrow Glacier:               #13773000 (https://github.com/ethereum/execution-specs/blob/master/network-upgrades/mainnet-upgrades/arrow-glacier.md)
INFO [05-03|02:04:42.091]  - Gray Glacier:                #15050000 (https://github.com/ethereum/execution-specs/blob/master/network-upgrades/mainnet-upgrades/gray-glacier.md)
INFO [05-03|02:04:42.091] 
INFO [05-03|02:04:42.091] Merge configured:
INFO [05-03|02:04:42.091]  - Hard-fork specification:    https://github.com/ethereum/execution-specs/blob/master/network-upgrades/mainnet-upgrades/paris.md
INFO [05-03|02:04:42.091]  - Network known to be merged: true
INFO [05-03|02:04:42.091]  - Total terminal difficulty:  58750000000000000000000
INFO [05-03|02:04:42.091] 
INFO [05-03|02:04:42.091] Post-Merge hard forks (timestamp based):
INFO [05-03|02:04:42.091]  - Shanghai:                    @1681338455 (https://github.com/ethereum/execution-specs/blob/master/network-upgrades/mainnet-upgrades/shanghai.md)
INFO [05-03|02:04:42.091]  - Cancun:                      @1710338135
INFO [05-03|02:04:42.091] 
INFO [05-03|02:04:42.091] ---------------------------------------------------------------------------------------------------------------------------------------------------------
INFO [05-03|02:04:42.091] 
INFO [05-03|02:04:42.092] Loaded most recent local block           number=0 hash=d4e567..cb8fa3 td=17,179,869,184 age=55y1mo2w
INFO [05-03|02:04:42.093] Initialized transaction indexer          range="last 2350000 blocks"
INFO [05-03|02:04:42.093] Loaded local transaction journal         transactions=0 dropped=0
INFO [05-03|02:04:42.093] Regenerated local transaction journal    transactions=0 accounts=0
INFO [05-03|02:04:42.126] Enabled snap sync                        head=0 hash=d4e567..cb8fa3
INFO [05-03|02:04:42.126] Chain post-merge, sync via beacon client
INFO [05-03|02:04:42.126] Gasprice oracle is ignoring threshold set threshold=2
WARN [05-03|02:04:42.128] Unclean shutdown detected                booted=2024-03-24T01:28:11+0100 age=1mo1w2d
WARN [05-03|02:04:42.128] Unclean shutdown detected                booted=2024-03-24T02:25:13+0100 age=1mo1w2d
WARN [05-03|02:04:42.129] Engine API enabled                       protocol=eth
INFO [05-03|02:04:42.129] Starting peer-to-peer node               instance=Geth/v1.13.12-stable-02eb36af/linux-amd64/go1.21.6
INFO [05-03|02:04:42.161] New local node record                    seq=1,709,750,240,211 id=2826a5837fd92564 ip=127.0.0.1 udp=30303 tcp=30303
INFO [05-03|02:04:42.161] Started P2P networking                   self=enode://f90bb814f0b7d5e1444f9d757b3be67c9d35af37f08888c886e9bb69a6ecfbd54ef7b8a7c84d8a74ce7e758d1376f06304b9a91c4f7239d7efad1906b790fc98@127.0.0.1:30303
INFO [05-03|02:04:42.164] IPC endpoint opened                      url=/root/.ethereum/geth.ipc
ERROR[05-03|02:04:42.164] Unavailable modules in HTTP API list     unavailable=[network] available="[admin debug web3 eth txpool personal miner net]"
INFO [05-03|02:04:42.165] Loaded JWT secret file                   path=/root/.ethereum/geth/jwtsecret crc32=0x6b8a887d
INFO [05-03|02:04:42.167] HTTP server started                      endpoint=[::]:8546 auth=false prefix= cors= vhosts=localhost
INFO [05-03|02:04:42.168] WebSocket enabled                        url=ws://127.0.0.1:8551
INFO [05-03|02:04:42.168] HTTP server started                      endpoint=127.0.0.1:8551 auth=true  prefix= cors=localhost vhosts=localhost
INFO [05-03|02:04:43.210] New local node record                    seq=1,709,750,240,212 id=2826a5837fd92564 ip=86.195.111.131 udp=30303 tcp=30303
WARN [05-03|02:05:17.131] Post-merge network, but no beacon client seen. Please launch one to follow the chain!
WARN [05-03|02:10:17.160] Post-merge network, but no beacon client seen. Please launch one to follow the chain!
